uikit-kotlin/build/intermediates/manifest_merge_blame_file/debug/manifest-merger-blame-debug-report.txt
1<?xml version="1.0" encoding="utf-8"?>
2<manifest xmlns:android="http://schemas.android.com/apk/res/android"
3    xmlns:tools="http://schemas.android.com/tools"
4    package="com.cometchat.pro.uikit" >
5
6    <uses-sdk
7        android:minSdkVersion="24"
7-->src\main\AndroidManifest.xml
8        android:targetSdkVersion="30" />
8-->src\main\AndroidManifest.xml
9
10    <uses-permission android:name="android.permission.ACCESS_COARSE_LOCATION" />
10-->src\main\AndroidManifest.xml:6:5-81
10-->src\main\AndroidManifest.xml:6:22-78
11    <uses-permission android:name="android.permission.ACCESS_FINE_LOCATION" />
11-->src\main\AndroidManifest.xml:7:5-79
11-->src\main\AndroidManifest.xml:7:22-76
12    <uses-permission android:name="android.permission.ACCESS_NETWORK_STATE" />
12-->src\main\AndroidManifest.xml:8:5-79
12-->src\main\AndroidManifest.xml:8:22-76
13    <uses-permission android:name="android.permission.INTERNET" />
13-->src\main\AndroidManifest.xml:9:5-66
13-->src\main\AndroidManifest.xml:9:22-64
14    <uses-permission android:name="android.permission.CAMERA" />
14-->src\main\AndroidManifest.xml:10:5-64
14-->src\main\AndroidManifest.xml:10:22-62
15    <uses-permission android:name="android.permission.WRITE_EXTERNAL_STORAGE" />
15-->src\main\AndroidManifest.xml:11:5-80
15-->src\main\AndroidManifest.xml:11:22-78
16    <uses-permission android:name="android.permission.READ_EXTERNAL_STORAGE" />
16-->src\main\AndroidManifest.xml:12:5-80
16-->src\main\AndroidManifest.xml:12:22-77
17    <uses-permission android:name="android.permission.VIBRATE" />
17-->src\main\AndroidManifest.xml:13:5-66
17-->src\main\AndroidManifest.xml:13:22-63
18
19    <application
19-->src\main\AndroidManifest.xml:15:5-103:19
20        android:hardwareAccelerated="true"
20-->src\main\AndroidManifest.xml:16:9-43
21        android:requestLegacyExternalStorage="true"
21-->src\main\AndroidManifest.xml:17:9-52
22        android:usesCleartextTraffic="true"
22-->src\main\AndroidManifest.xml:18:9-44
23        tools:node="merge"
23-->src\main\AndroidManifest.xml:19:9-27
24        tools:targetApi="R" >
24-->src\main\AndroidManifest.xml:20:9-28
25        <activity android:name="com.cometchat.pro.uikit.ui_components.chats.CometChatStartConversation" />
25-->src\main\AndroidManifest.xml:22:9-84
25-->src\main\AndroidManifest.xml:22:19-81
26        <activity android:name="com.cometchat.pro.uikit.ui_components.calls.call_manager.CometChatStartCallActivity" />
26-->src\main\AndroidManifest.xml:23:9-97
26-->src\main\AndroidManifest.xml:23:19-94
27        <activity android:name="com.cometchat.pro.uikit.ui_components.messages.extensions.collaborative.CometChatCollaborativeActivity" />
27-->src\main\AndroidManifest.xml:24:9-116
27-->src\main\AndroidManifest.xml:24:19-113
28        <activity android:name="com.cometchat.pro.uikit.ui_components.messages.extensions.message_reaction.CometChatReactionInfoActivity" />
28-->src\main\AndroidManifest.xml:25:9-118
28-->src\main\AndroidManifest.xml:25:19-115
29        <activity android:name="com.cometchat.pro.uikit.ui_components.messages.message_information.CometChatMessageInfoScreenActivity" />
29-->src\main\AndroidManifest.xml:26:9-115
29-->src\main\AndroidManifest.xml:26:19-112
30        <activity android:name="com.cometchat.pro.uikit.ui_components.groups.banned_members.CometChatBanMembersActivity" />
30-->src\main\AndroidManifest.xml:27:9-101
30-->src\main\AndroidManifest.xml:27:19-98
31        <activity
31-->src\main\AndroidManifest.xml:28:9-31:56
32            android:name="com.cometchat.pro.uikit.ui_components.calls.call_manager.CometChatCallActivity"
32-->src\main\AndroidManifest.xml:29:13-83
33            android:screenOrientation="portrait"
33-->src\main\AndroidManifest.xml:30:13-49
34            android:theme="@style/TransparentCompat" />
34-->src\main\AndroidManifest.xml:31:13-53
35        <activity
35-->src\main\AndroidManifest.xml:32:9-34:58
36            android:name="com.cometchat.pro.uikit.ui_components.messages.threaded_message_list.CometChatThreadMessageListActivity"
36-->src\main\AndroidManifest.xml:33:13-108
37            android:windowSoftInputMode="adjustResize" />
37-->src\main\AndroidManifest.xml:34:13-55
38        <activity
38-->src\main\AndroidManifest.xml:35:9-37:52
39            android:name="com.cometchat.pro.uikit.ui_components.calls.call_list.CometChatNewCallList"
39-->src\main\AndroidManifest.xml:36:13-79
40            android:screenOrientation="portrait" />
40-->src\main\AndroidManifest.xml:37:13-49
41
42        <meta-data
42-->src\main\AndroidManifest.xml:39:9-41:48
43            android:name="com.cometchat.pro.uikit"
43-->src\main\AndroidManifest.xml:40:13-51
44            android:value="${file_provider}" />
44-->src\main\AndroidManifest.xml:41:13-45
45
46        <activity
46-->src\main\AndroidManifest.xml:43:9-46:55
47            android:name="com.cometchat.pro.uikit.ui_components.groups.create_group.CometChatCreateGroupActivity"
47-->src\main\AndroidManifest.xml:44:13-91
48            android:screenOrientation="portrait"
48-->src\main\AndroidManifest.xml:45:13-49
49            android:windowSoftInputMode="adjustPan" />
49-->src\main\AndroidManifest.xml:46:13-52
50        <activity
50-->src\main\AndroidManifest.xml:47:9-49:52
51            android:name="com.cometchat.pro.uikit.ui_components.userProfile.privacy_and_security.CometChatMorePrivacyActivity"
51-->src\main\AndroidManifest.xml:48:13-104
52            android:screenOrientation="portrait" />
52-->src\main\AndroidManifest.xml:49:13-49
53        <activity
53-->src\main\AndroidManifest.xml:50:9-52:52
54            android:name="com.cometchat.pro.uikit.ui_components.users.blocked_users.CometChatBlockUserListActivity"
54-->src\main\AndroidManifest.xml:51:13-93
55            android:screenOrientation="portrait" />
55-->src\main\AndroidManifest.xml:52:13-49
56        <activity
56-->src\main\AndroidManifest.xml:53:9-55:52
57            android:name="com.cometchat.pro.uikit.ui_components.groups.group_detail.CometChatGroupDetailActivity"
57-->src\main\AndroidManifest.xml:54:13-91
58            android:screenOrientation="portrait" />
58-->src\main\AndroidManifest.xml:55:13-49
59        <activity
59-->src\main\AndroidManifest.xml:56:9-58:52
60            android:name="com.cometchat.pro.uikit.ui_components.groups.add_members.CometChatAddMembersActivity"
60-->src\main\AndroidManifest.xml:57:13-89
61            android:screenOrientation="portrait" />
61-->src\main\AndroidManifest.xml:58:13-49
62        <activity
62-->src\main\AndroidManifest.xml:59:9-61:52
63            android:name="com.cometchat.pro.uikit.ui_components.groups.admin_moderator_list.CometChatAdminModeratorListActivity"
63-->src\main\AndroidManifest.xml:60:13-106
64            android:screenOrientation="portrait" />
64-->src\main\AndroidManifest.xml:61:13-49
65        <activity
65-->src\main\AndroidManifest.xml:62:9-77:20
66            android:name="com.cometchat.pro.uikit.ui_components.messages.forward_message.CometChatForwardMessageActivity"
66-->src\main\AndroidManifest.xml:63:13-99
67            android:exported="false"
67-->src\main\AndroidManifest.xml:64:13-37
68            android:screenOrientation="portrait" >
68-->src\main\AndroidManifest.xml:65:13-49
69            <intent-filter>
69-->src\main\AndroidManifest.xml:66:13-76:29
70                <action android:name="android.intent.action.SEND" />
70-->src\main\AndroidManifest.xml:67:17-69
70-->src\main\AndroidManifest.xml:67:25-66
71
72                <category android:name="android.intent.category.DEFAULT" />
72-->src\main\AndroidManifest.xml:69:17-76
72-->src\main\AndroidManifest.xml:69:27-73
73
74                <data android:mimeType="text/*" />
74-->src\main\AndroidManifest.xml:71:17-51
74-->src\main\AndroidManifest.xml:71:23-48
75                <data android:mimeType="image/*" />
75-->src\main\AndroidManifest.xml:71:17-51
75-->src\main\AndroidManifest.xml:71:23-48
76                <data android:mimeType="audio/*" />
76-->src\main\AndroidManifest.xml:71:17-51
76-->src\main\AndroidManifest.xml:71:23-48
77                <data android:mimeType="video/*" />
77-->src\main\AndroidManifest.xml:71:17-51
77-->src\main\AndroidManifest.xml:71:23-48
78                <data android:mimeType="application/*" />
78-->src\main\AndroidManifest.xml:71:17-51
78-->src\main\AndroidManifest.xml:71:23-48
79            </intent-filter>
80        </activity>
81        <activity
81-->src\main\AndroidManifest.xml:78:9-80:52
82            android:name="com.cometchat.pro.uikit.ui_components.groups.group_members.CometChatGroupMemberListActivity"
82-->src\main\AndroidManifest.xml:79:13-96
83            android:screenOrientation="portrait" />
83-->src\main\AndroidManifest.xml:80:13-49
84        <activity
84-->src\main\AndroidManifest.xml:81:9-84:58
85            android:name="com.cometchat.pro.uikit.ui_components.cometchat_ui.CometChatUI"
85-->src\main\AndroidManifest.xml:82:13-67
86            android:screenOrientation="portrait"
86-->src\main\AndroidManifest.xml:83:13-49
87            android:windowSoftInputMode="adjustResize" />
87-->src\main\AndroidManifest.xml:84:13-55
88        <activity
88-->src\main\AndroidManifest.xml:85:9-88:58
89            android:name="com.cometchat.pro.uikit.ui_components.users.user_details.CometChatUserDetailScreenActivity"
89-->src\main\AndroidManifest.xml:86:13-95
90            android:screenOrientation="portrait"
90-->src\main\AndroidManifest.xml:87:13-49
91            android:windowSoftInputMode="adjustResize" />
91-->src\main\AndroidManifest.xml:88:13-55
92        <activity
92-->src\main\AndroidManifest.xml:89:9-92:52
93            android:name="com.cometchat.pro.uikit.ui_components.messages.message_list.CometChatMessageListActivity"
93-->src\main\AndroidManifest.xml:90:13-93
94            android:screenOrientation="portrait" />
94-->src\main\AndroidManifest.xml:92:13-49
95
96        <provider
96-->src\main\AndroidManifest.xml:94:9-102:20
97            android:name="androidx.core.content.FileProvider"
97-->src\main\AndroidManifest.xml:95:13-62
98            android:authorities="${file_provider}.provider"
98-->src\main\AndroidManifest.xml:96:13-60
99            android:exported="false"
99-->src\main\AndroidManifest.xml:97:13-37
100            android:grantUriPermissions="true" >
100-->src\main\AndroidManifest.xml:98:13-47
101            <meta-data
101-->src\main\AndroidManifest.xml:99:13-101:57
102                android:name="android.support.FILE_PROVIDER_PATHS"
102-->src\main\AndroidManifest.xml:100:17-67
103                android:resource="@xml/provider_path" />
103-->src\main\AndroidManifest.xml:101:17-54
104        </provider>
105    </application>
106
107</manifest>